proguard/seeds.txt
com.umeng.analytics.social.UMPlatformData$UMedia$8
com.umeng.analytics.social.UMPlatformData$UMedia$8: UMPlatformData$UMedia$8(java.lang.String,int)
com.umeng.analytics.social.UMPlatformData$UMedia$8: java.lang.String toString()
com.umeng.analytics.social.a
com.umeng.analytics.social.a: int a
com.umeng.analytics.social.a: java.lang.String c
com.umeng.analytics.social.a: int a()
com.umeng.analytics.social.a: a(int,java.lang.String)
com.umeng.analytics.social.a: a(java.lang.String,java.lang.Throwable)
com.umeng.analytics.social.a: a(java.lang.String)
com.umeng.analytics.social.a: java.lang.String getMessage()
com.umeng.socialize.bean.APP_PLATFORM
com.umeng.socialize.bean.APP_PLATFORM: com.umeng.socialize.bean.APP_PLATFORM QQ
com.umeng.socialize.bean.APP_PLATFORM: com.umeng.socialize.bean.APP_PLATFORM WEIXIN
com.umeng.socialize.bean.APP_PLATFORM: com.umeng.socialize.bean.APP_PLATFORM WEIXIN_SIRCLE
com.umeng.socialize.bean.APP_PLATFORM: com.umeng.socialize.bean.APP_PLATFORM SMS
com.umeng.socialize.bean.APP_PLATFORM: com.umeng.socialize.bean.APP_PLATFORM EMAIL
com.umeng.socialize.bean.APP_PLATFORM: com.umeng.socialize.bean.APP_PLATFORM FACEBOOK
com.umeng.socialize.bean.APP_PLATFORM: com.umeng.socialize.bean.APP_PLATFORM TWITTER
com.umeng.socialize.bean.APP_PLATFORM: com.umeng.socialize.bean.APP_PLATFORM GOOGLE
com.umeng.socialize.bean.APP_PLATFORM: void <clinit>()
com.umeng.socialize.bean.APP_PLATFORM: com.umeng.socialize.bean.APP_PLATFORM[] values()
com.umeng.socialize.bean.APP_PLATFORM: com.umeng.socialize.bean.APP_PLATFORM valueOf(java.lang.String)
com.umeng.socialize.bean.APP_PLATFORM: APP_PLATFORM(java.lang.String,int,com.umeng.socialize.bean.APP_PLATFORM)
com.umeng.socialize.bean.BaseMsg
com.umeng.socialize.bean.BaseMsg: android.os.Parcelable$Creator CREATOR
com.umeng.socialize.bean.CallbackConfig$ICallbackListener
com.umeng.socialize.bean.Gender
com.umeng.socialize.bean.Gender: com.umeng.socialize.bean.Gender MALE
com.umeng.socialize.bean.Gender: com.umeng.socialize.bean.Gender FEMALE
com.umeng.socialize.bean.Gender: void <clinit>()
com.umeng.socialize.bean.Gender: com.umeng.socialize.bean.Gender convertToEmun(java.lang.String)
com.umeng.socialize.bean.Gender: com.umeng.socialize.bean.Gender[] values()
com.umeng.socialize.bean.Gender: com.umeng.socialize.bean.Gender valueOf(java.lang.String)
com.umeng.socialize.bean.Gender: Gender(java.lang.String,int,com.umeng.socialize.bean.Gender)
com.umeng.socialize.bean.LIKESTATUS
com.umeng.socialize.bean.LIKESTATUS: com.umeng.socialize.bean.LIKESTATUS LIKE
com.umeng.socialize.bean.LIKESTATUS: com.umeng.socialize.bean.LIKESTATUS UNLIKE
com.umeng.socialize.bean.LIKESTATUS: void <clinit>()
com.umeng.socialize.bean.LIKESTATUS: com.umeng.socialize.bean.LIKESTATUS[] values()
com.umeng.socialize.bean.LIKESTATUS: com.umeng.socialize.bean.LIKESTATUS valueOf(java.lang.String)
com.umeng.socialize.bean.LIKESTATUS: LIKESTATUS(java.lang.String,int,com.umeng.socialize.bean.LIKESTATUS)
com.umeng.socialize.bean.QQShareMsg
com.umeng.socialize.bean.QQShareMsg: android.os.Parcelable$Creator CREATOR