proguard/mapping.txt
com.sxs.app.common.BaseActivity -> com.sxs.app.common.BaseActivity:
    java.lang.String shareUrl -> a
    23:24:void onCreate(android.os.Bundle) -> onCreate
    27:29:void onDestroy() -> onDestroy
    32:33:void onPause() -> onPause
    39:43:void onActivityResult(int,int,android.content.Intent) -> onActivityResult
    47:50:void onResume() -> onResume
    54:55:void onStop() -> onStop
    58:62:void shareMessage(java.lang.String) -> a
    66:68:void showToast(java.lang.String) -> b
    70:72:void showLongToast(java.lang.String) -> c
com.sxs.app.common.BraintwisterAdapter -> com.sxs.app.common.b:
    boolean isOffLine -> a
    android.view.LayoutInflater mInflater -> b
    java.util.List listData -> c
    23:23:java.util.List getListData() -> a
    27:29:void setListData(java.util.List) -> a
    37:41:int getCount() -> getCount
    46:50:com.sxs.app.data.BraintwisterVO getItem(int) -> a
    55:55:long getItemId(int) -> getItemId
    60:79:android.view.View getView(int,android.view.View,android.view.ViewGroup) -> getView
    1:1:java.lang.Object getItem(int) -> getItem
com.sxs.app.common.BraintwisterAdapter$ViewHolder -> com.sxs.app.common.b$a:
    android.widget.TextView numTV -> a
    android.widget.TextView questionTV -> b
    android.widget.TextView answerTV -> c
    android.widget.ImageView tagTV -> d
    com.sxs.app.common.BraintwisterAdapter this$0 -> e
com.sxs.app.common.IndexScroller -> com.sxs.app.common.c:
    float mIndexbarWidth -> a
    float mIndexbarMargin -> b
    float mPreviewPadding -> c
    float mDensity -> d
    float mScaledDensity -> e
    float mAlphaRate -> f
    int mState -> g
    int mListViewWidth -> h
    int mListViewHeight -> i
    int mCurrentSection -> j
    boolean mIsIndexing -> k
    android.widget.ListView mListView -> l
    android.widget.SectionIndexer mIndexer -> m
    java.lang.String[] mSections -> n
    android.graphics.RectF mIndexbarRect -> o
    int STATE_HIDDEN -> p
    int STATE_SHOWING -> q
    int STATE_SHOWN -> r
    int STATE_HIDING -> s
    android.os.Handler mHandler -> t
    67:117:void draw(android.graphics.Canvas) -> a
    120:154:boolean onTouchEvent(android.view.MotionEvent) -> a
    158:164:void onSizeChanged(int,int,int,int) -> a
    167:171:void show() -> a
    174:176:void hide() -> b
    179:183:void setAdapter(android.widget.Adapter) -> a
    186:210:void setState(int) -> a
    214:214:boolean contains(float,float) -> a
    218:224:int getSectionByPoint(float) -> a
    228:230:void fade(long) -> a
    40:40:int access$0(com.sxs.app.common.IndexScroller) -> a
    39:39:float access$1(com.sxs.app.common.IndexScroller) -> b
    39:39:void access$2(com.sxs.app.common.IndexScroller,float) -> a
    185:185:void access$3(com.sxs.app.common.IndexScroller,int) -> a
    45:45:android.widget.ListView access$4(com.sxs.app.common.IndexScroller) -> c
com.sxs.app.common.IndexScroller$1 -> com.sxs.app.common.d:
    com.sxs.app.common.IndexScroller this$0 -> a
    236:266:void handleMessage(android.os.Message) -> handleMessage
com.sxs.app.common.IndexableListView -> com.sxs.app.common.e:
    boolean mIsFastScrollEnabled -> a
    com.sxs.app.common.IndexScroller mScroller -> b
    android.view.GestureDetector mGestureDetector -> c
    47:47:boolean isFastScrollEnabled() -> isFastScrollEnabled
    52:62:void setFastScrollEnabled(boolean) -> setFastScrollEnabled
    66:71:void draw(android.graphics.Canvas) -> draw
    76:94:boolean onTouchEvent(android.view.MotionEvent) -> onTouchEvent
    99:99:boolean onInterceptTouchEvent(android.view.MotionEvent) -> onInterceptTouchEvent
    104:107:void setAdapter(android.widget.ListAdapter) -> setAdapter
    111:114:void onSizeChanged(int,int,int,int) -> onSizeChanged
    30:30:com.sxs.app.common.IndexScroller access$0(com.sxs.app.common.IndexableListView) -> a